0 info it worked if it ends with ok
1 verbose cli [ 'C:\\Program Files\\nodejs\\node.exe',
1 verbose cli   'C:\\Program Files\\nodejs\\node_modules\\npm\\bin\\npm-cli.js',
1 verbose cli   'run',
1 verbose cli   'development' ]
2 info using npm@3.10.10
3 info using node@v6.11.0
4 verbose run-script [ 'predevelopment', 'development', 'postdevelopment' ]
5 info lifecycle tripple_practice@1.0.0~predevelopment: tripple_practice@1.0.0
6 silly lifecycle tripple_practice@1.0.0~predevelopment: no script for predevelopment, continuing
7 info lifecycle tripple_practice@1.0.0~development: tripple_practice@1.0.0
8 verbose lifecycle tripple_practice@1.0.0~development: unsafe-perm in lifecycle true
9 verbose lifecycle tripple_practice@1.0.0~development: PATH: C:\Program Files\nodejs\node_modules\npm\bin\node-gyp-bin;C:\Users\dlsdlstjdtjd\tripple_practice\node_modules\.bin;C:\app\DB\product\11.2.0\dbhome_1\bin;C:\app\oracle\product\12.1.0\dbhome_2\bin;C:\app\oracle\product\12.1.0\dbhome_1\bin;C:\ProgramData\Oracle\Java\javapath;C:\WINDOWS\system32;C:\WINDOWS;C:\WINDOWS\System32\Wbem;C:\WINDOWS\System32\WindowsPowerShell\v1.0\;C:\Program Files\Java\jdk1.8.0_77\bin;c:\Program Files (x86)\Microsoft SQL Server\100\Tools\Binn\;c:\Program Files\Microsoft SQL Server\100\Tools\Binn\;c:\Program Files\Microsoft SQL Server\100\DTS\Binn\;C:\Program Files\MySQL\MySQL Server 5.6\bin;C:\Program Files\Microsoft SQL Server\110\Tools\Binn\;C:\Users\dlsdlstjdtjd\Desktop\3-2학기\컴퓨터그래픽스\새 폴더\glutdlls37beta;C:\Program ;iles\nodejs\;C:\Program Files\Git\cmd;C:\Program Files\nodejs\;C:\Users\dlsdlstjdtjd\AppData\Local\Microsoft\WindowsApps;C:\Users\dlsdlstjdtjd\AppData\Local\atom\bin;C:\Users\dlsdlstjdtjd\AppData\Roaming\npm;%USERPROFILE%\AppData\Local\Microsoft\WindowsApps;;C:\Program Files (x86)\ESTsoft\ALSee\x64
10 verbose lifecycle tripple_practice@1.0.0~development: CWD: C:\Users\dlsdlstjdtjd\tripple_practice
11 silly lifecycle tripple_practice@1.0.0~development: Args: [ '/d /s /c', 'set NODE_ENV=development&&node ./build/main.js' ]
12 silly lifecycle tripple_practice@1.0.0~development: Returned: code: 1  signal: null
13 info lifecycle tripple_practice@1.0.0~development: Failed to exec development script
14 verbose stack Error: tripple_practice@1.0.0 development: `set NODE_ENV=development&&node ./build/main.js`
14 verbose stack Exit status 1
14 verbose stack     at EventEmitter.<anonymous> (C:\Program Files\nodejs\node_modules\npm\lib\utils\lifecycle.js:255:16)
14 verbose stack     at emitTwo (events.js:106:13)
14 verbose stack     at EventEmitter.emit (events.js:191:7)
14 verbose stack     at ChildProcess.<anonymous> (C:\Program Files\nodejs\node_modules\npm\lib\utils\spawn.js:40:14)
14 verbose stack     at emitTwo (events.js:106:13)
14 verbose stack     at ChildProcess.emit (events.js:191:7)
14 verbose stack     at maybeClose (internal/child_process.js:891:16)
14 verbose stack     at Process.ChildProcess._handle.onexit (internal/child_process.js:226:5)
15 verbose pkgid tripple_practice@1.0.0
16 verbose cwd C:\Users\dlsdlstjdtjd\tripple_practice
17 error Windows_NT 10.0.15063
18 error argv "C:\\Program Files\\nodejs\\node.exe" "C:\\Program Files\\nodejs\\node_modules\\npm\\bin\\npm-cli.js" "run" "development"
19 error node v6.11.0
20 error npm  v3.10.10
21 error code ELIFECYCLE
22 error tripple_practice@1.0.0 development: `set NODE_ENV=development&&node ./build/main.js`
22 error Exit status 1
23 error Failed at the tripple_practice@1.0.0 development script 'set NODE_ENV=development&&node ./build/main.js'.
23 error Make sure you have the latest version of node.js and npm installed.
23 error If you do, this is most likely a problem with the tripple_practice package,
23 error not with npm itself.
23 error Tell the author that this fails on your system:
23 error     set NODE_ENV=development&&node ./build/main.js
23 error You can get information on how to open an issue for this project with:
23 error     npm bugs tripple_practice
23 error Or if that isn't available, you can get their info via:
23 error     npm owner ls tripple_practice
23 error There is likely additional logging output above.
24 verbose exit [ 1, true ]
